# JRE version: OpenJDK Runtime Environment (17.0.7) (build 17.0.7+0-b2043.56-10550314)
# Java VM: OpenJDK 64-Bit Server VM (17.0.7+0-b2043.56-10550314, mixed mode, tiered, compressed oops, compressed class ptrs, g1 gc, windows-amd64)
GC Precious Log:
 CPUs: 8 total, 8 available
 Memory: 7926M
 Large Page Support: Disabled
 NUMA Support: Disabled
 Compressed Oops: Enabled (32-bit)
 Heap Region Size: 1M
 Heap Min Capacity: 8M
 Heap Initial Capacity: 124M
 Heap Max Capacity: 2G
 Pre-touch: Disabled
 Parallel Workers: 8
 Concurrent Workers: 2
 Concurrent Refinement Workers: 8
 Periodic GC: Disabled
Heap:
 garbage-first heap   total 110592K, used 83106K [0x0000000080000000, 0x0000000100000000)
  region size 1024K, 19 young (19456K), 2 survivors (2048K)
 Metaspace       used 76933K, committed 77504K, reserved 1179648K
  class space    used 10348K, committed 10624K, reserved 1048576K
GC Heap History (20 events):
Event: 9.236 GC heap before
{Heap before GC invocations=22 (full 0):
 garbage-first heap   total 92160K, used 53904K [0x0000000080000000, 0x0000000100000000)
  region size 1024K, 4 young (4096K), 1 survivors (1024K)
 Metaspace       used 59158K, committed 59712K, reserved 1114112K
  class space    used 7947K, committed 8256K, reserved 1048576K
}
Event: 9.238 GC heap after
{Heap after GC invocations=23 (full 0):
 garbage-first heap   total 92160K, used 51742K [0x0000000080000000, 0x0000000100000000)
  region size 1024K, 1 young (1024K), 1 survivors (1024K)
 Metaspace       used 59158K, committed 59712K, reserved 1114112K
  class space    used 7947K, committed 8256K, reserved 1048576K
}
Event: 9.744 GC heap before
{Heap before GC invocations=23 (full 0):
 garbage-first heap   total 92160K, used 74270K [0x0000000080000000, 0x0000000100000000)
  region size 1024K, 24 young (24576K), 1 survivors (1024K)
 Metaspace       used 61595K, committed 62208K, reserved 1114112K
  class space    used 8292K, committed 8576K, reserved 1048576K
}
Event: 9.747 GC heap after
{Heap after GC invocations=24 (full 0):
 garbage-first heap   total 110592K, used 52371K [0x0000000080000000, 0x0000000100000000)
  region size 1024K, 2 young (2048K), 2 survivors (2048K)
 Metaspace       used 61595K, committed 62208K, reserved 1114112K
  class space    used 8292K, committed 8576K, reserved 1048576K
}
Event: 10.553 GC heap before
{Heap before GC invocations=25 (full 0):
 garbage-first heap   total 110592K, used 92307K [0x0000000080000000, 0x0000000100000000)
  region size 1024K, 36 young (36864K), 2 survivors (2048K)
 Metaspace       used 65394K, committed 65984K, reserved 1114112K
  class space    used 8797K, committed 9088K, reserved 1048576K
}
Event: 10.558 GC heap after
{Heap after GC invocations=26 (full 0):
 garbage-first heap   total 110592K, used 56575K [0x0000000080000000, 0x0000000100000000)
  region size 1024K, 5 young (5120K), 5 survivors (5120K)
 Metaspace       used 65394K, committed 65984K, reserved 1114112K
  class space    used 8797K, committed 9088K, reserved 1048576K
}
Event: 10.578 GC heap before
{Heap before GC invocations=26 (full 0):
 garbage-first heap   total 110592K, used 57599K [0x0000000080000000, 0x0000000100000000)
  region size 1024K, 6 young (6144K), 5 survivors (5120K)
 Metaspace       used 65479K, committed 66048K, reserved 1114112K
  class space    used 8808K, committed 9088K, reserved 1048576K
}
Event: 10.584 GC heap after
{Heap after GC invocations=27 (full 0):
 garbage-first heap   total 110592K, used 56558K [0x0000000080000000, 0x0000000100000000)
  region size 1024K, 1 young (1024K), 1 survivors (1024K)
 Metaspace       used 65479K, committed 66048K, reserved 1114112K
  class space    used 8808K, committed 9088K, reserved 1048576K
}
Event: 11.220 GC heap before
{Heap before GC invocations=27 (full 0):
 garbage-first heap   total 110592K, used 87278K [0x0000000080000000, 0x0000000100000000)
  region size 1024K, 31 young (31744K), 1 survivors (1024K)
 Metaspace       used 67800K, committed 68352K, reserved 1114112K
  class space    used 9109K, committed 9408K, reserved 1048576K
}
Event: 11.223 GC heap after
{Heap after GC invocations=28 (full 0):
 garbage-first heap   total 110592K, used 57668K [0x0000000080000000, 0x0000000100000000)
  region size 1024K, 2 young (2048K), 2 survivors (2048K)
 Metaspace       used 67800K, committed 68352K, reserved 1114112K
  class space    used 9109K, committed 9408K, reserved 1048576K
}
Event: 11.818 GC heap before
{Heap before GC invocations=29 (full 0):
 garbage-first heap   total 110592K, used 88388K [0x0000000080000000, 0x0000000100000000)
  region size 1024K, 32 young (32768K), 2 survivors (2048K)
 Metaspace       used 69562K, committed 70208K, reserved 1114112K
  class space    used 9344K, committed 9664K, reserved 1048576K
}
Event: 11.821 GC heap after
{Heap after GC invocations=30 (full 0):
 garbage-first heap   total 110592K, used 59956K [0x0000000080000000, 0x0000000100000000)
  region size 1024K, 4 young (4096K), 4 survivors (4096K)
 Metaspace       used 69562K, committed 70208K, reserved 1114112K
  class space    used 9344K, committed 9664K, reserved 1048576K
}
Event: 11.833 GC heap before
{Heap before GC invocations=30 (full 0):
 garbage-first heap   total 110592K, used 60980K [0x0000000080000000, 0x0000000100000000)
  region size 1024K, 5 young (5120K), 4 survivors (4096K)
 Metaspace       used 69565K, committed 70208K, reserved 1114112K
  class space    used 9344K, committed 9664K, reserved 1048576K
}
Event: 11.837 GC heap after
{Heap after GC invocations=31 (full 0):
 garbage-first heap   total 110592K, used 59946K [0x0000000080000000, 0x0000000100000000)
  region size 1024K, 1 young (1024K), 1 survivors (1024K)
 Metaspace       used 69565K, committed 70208K, reserved 1114112K
  class space    used 9344K, committed 9664K, reserved 1048576K
}
Event: 12.406 GC heap before
{Heap before GC invocations=31 (full 0):
 garbage-first heap   total 110592K, used 88618K [0x0000000080000000, 0x0000000100000000)
  region size 1024K, 29 young (29696K), 1 survivors (1024K)
 Metaspace       used 72408K, committed 73088K, reserved 1114112K
  class space    used 9737K, committed 10048K, reserved 1048576K
}
Event: 12.409 GC heap after
{Heap after GC invocations=32 (full 0):
 garbage-first heap   total 110592K, used 61625K [0x0000000080000000, 0x0000000100000000)
  region size 1024K, 3 young (3072K), 3 survivors (3072K)
 Metaspace       used 72408K, committed 73088K, reserved 1114112K
  class space    used 9737K, committed 10048K, reserved 1048576K
}
Event: 12.909 GC heap before
{Heap before GC invocations=32 (full 0):
 garbage-first heap   total 110592K, used 89273K [0x0000000080000000, 0x0000000100000000)
  region size 1024K, 30 young (30720K), 3 survivors (3072K)
 Metaspace       used 74261K, committed 74880K, reserved 1114112K
  class space    used 9980K, committed 10304K, reserved 1048576K
}
Event: 12.914 GC heap after
{Heap after GC invocations=33 (full 0):
 garbage-first heap   total 110592K, used 65290K [0x0000000080000000, 0x0000000100000000)
  region size 1024K, 4 young (4096K), 4 survivors (4096K)
 Metaspace       used 74261K, committed 74880K, reserved 1114112K
  class space    used 9980K, committed 10304K, reserved 1048576K
}
Event: 13.310 GC heap before
{Heap before GC invocations=33 (full 0):
 garbage-first heap   total 110592K, used 89866K [0x0000000080000000, 0x0000000100000000)
  region size 1024K, 28 young (28672K), 4 survivors (4096K)
 Metaspace       used 75823K, committed 76416K, reserved 1179648K
  class space    used 10201K, committed 10496K, reserved 1048576K
}
Event: 13.314 GC heap after
{Heap after GC invocations=34 (full 0):
 garbage-first heap   total 110592K, used 66722K [0x0000000080000000, 0x0000000100000000)
  region size 1024K, 2 young (2048K), 2 survivors (2048K)
 Metaspace       used 75823K, committed 76416K, reserved 1179648K
  class space    used 10201K, committed 10496K, reserved 1048576K
}

