# JRE version: OpenJDK Runtime Environment (17.0.7) (build 17.0.7+0-b2043.56-10550314)
# Java VM: OpenJDK 64-Bit Server VM (17.0.7+0-b2043.56-10550314, mixed mode, tiered, compressed oops, compressed class ptrs, g1 gc, windows-amd64)
GC Precious Log:
 CPUs: 8 total, 8 available
 Memory: 7926M
 Large Page Support: Disabled
 NUMA Support: Disabled
 Compressed Oops: Enabled (32-bit)
 Heap Region Size: 1M
 Heap Min Capacity: 8M
 Heap Initial Capacity: 124M
 Heap Max Capacity: 2G
 Pre-touch: Disabled
 Parallel Workers: 8
 Concurrent Workers: 2
 Concurrent Refinement Workers: 8
 Periodic GC: Disabled
Heap:
 garbage-first heap   total 109568K, used 54102K [0x0000000080000000, 0x0000000100000000)
  region size 1024K, 5 young (5120K), 1 survivors (1024K)
 Metaspace       used 58739K, committed 59328K, reserved 1114112K
  class space    used 7912K, committed 8192K, reserved 1048576K
GC Heap History (20 events):
Event: 7.050 GC heap before
{Heap before GC invocations=12 (full 0):
 garbage-first heap   total 82944K, used 62068K [0x0000000080000000, 0x0000000100000000)
  region size 1024K, 35 young (35840K), 5 survivors (5120K)
 Metaspace       used 49840K, committed 50304K, reserved 1114112K
  class space    used 6640K, committed 6848K, reserved 1048576K
}
Event: 7.056 GC heap after
{Heap after GC invocations=13 (full 0):
 garbage-first heap   total 82944K, used 32712K [0x0000000080000000, 0x0000000100000000)
  region size 1024K, 4 young (4096K), 4 survivors (4096K)
 Metaspace       used 49840K, committed 50304K, reserved 1114112K
  class space    used 6640K, committed 6848K, reserved 1048576K
}
Event: 7.669 GC heap before
{Heap before GC invocations=13 (full 0):
 garbage-first heap   total 82944K, used 63432K [0x0000000080000000, 0x0000000100000000)
  region size 1024K, 35 young (35840K), 4 survivors (4096K)
 Metaspace       used 53352K, committed 53824K, reserved 1114112K
  class space    used 7229K, committed 7424K, reserved 1048576K
}
Event: 7.674 GC heap after
{Heap after GC invocations=14 (full 0):
 garbage-first heap   total 82944K, used 34986K [0x0000000080000000, 0x0000000100000000)
  region size 1024K, 4 young (4096K), 4 survivors (4096K)
 Metaspace       used 53352K, committed 53824K, reserved 1114112K
  class space    used 7229K, committed 7424K, reserved 1048576K
}
Event: 8.508 GC heap before
{Heap before GC invocations=14 (full 0):
 garbage-first heap   total 82944K, used 66730K [0x0000000080000000, 0x0000000100000000)
  region size 1024K, 33 young (33792K), 4 survivors (4096K)
 Metaspace       used 54573K, committed 55040K, reserved 1114112K
  class space    used 7347K, committed 7552K, reserved 1048576K
}
Event: 8.514 GC heap after
{Heap after GC invocations=15 (full 0):
 garbage-first heap   total 82944K, used 42854K [0x0000000080000000, 0x0000000100000000)
  region size 1024K, 5 young (5120K), 5 survivors (5120K)
 Metaspace       used 54573K, committed 55040K, reserved 1114112K
  class space    used 7347K, committed 7552K, reserved 1048576K
}
Event: 8.576 GC heap before
{Heap before GC invocations=15 (full 0):
 garbage-first heap   total 82944K, used 44902K [0x0000000080000000, 0x0000000100000000)
  region size 1024K, 9 young (9216K), 5 survivors (5120K)
 Metaspace       used 54586K, committed 55040K, reserved 1114112K
  class space    used 7347K, committed 7552K, reserved 1048576K
}
Event: 8.580 GC heap after
{Heap after GC invocations=16 (full 0):
 garbage-first heap   total 82944K, used 46192K [0x0000000080000000, 0x0000000100000000)
  region size 1024K, 4 young (4096K), 4 survivors (4096K)
 Metaspace       used 54586K, committed 55040K, reserved 1114112K
  class space    used 7347K, committed 7552K, reserved 1048576K
}
Event: 8.656 GC heap before
{Heap before GC invocations=17 (full 0):
 garbage-first heap   total 86016K, used 49264K [0x0000000080000000, 0x0000000100000000)
  region size 1024K, 7 young (7168K), 4 survivors (4096K)
 Metaspace       used 54591K, committed 55040K, reserved 1114112K
  class space    used 7349K, committed 7552K, reserved 1048576K
}
Event: 8.658 GC heap after
{Heap after GC invocations=18 (full 0):
 garbage-first heap   total 86016K, used 46914K [0x0000000080000000, 0x0000000100000000)
  region size 1024K, 2 young (2048K), 2 survivors (2048K)
 Metaspace       used 54591K, committed 55040K, reserved 1114112K
  class space    used 7349K, committed 7552K, reserved 1048576K
}
Event: 8.808 GC heap before
{Heap before GC invocations=19 (full 0):
 garbage-first heap   total 89088K, used 58178K [0x0000000080000000, 0x0000000100000000)
  region size 1024K, 13 young (13312K), 2 survivors (2048K)
 Metaspace       used 55409K, committed 55936K, reserved 1114112K
  class space    used 7454K, committed 7680K, reserved 1048576K
}
Event: 8.810 GC heap after
{Heap after GC invocations=20 (full 0):
 garbage-first heap   total 89088K, used 49058K [0x0000000080000000, 0x0000000100000000)
  region size 1024K, 2 young (2048K), 2 survivors (2048K)
 Metaspace       used 55409K, committed 55936K, reserved 1114112K
  class space    used 7454K, committed 7680K, reserved 1048576K
}
Event: 8.833 GC heap before
{Heap before GC invocations=20 (full 0):
 garbage-first heap   total 89088K, used 52130K [0x0000000080000000, 0x0000000100000000)
  region size 1024K, 4 young (4096K), 2 survivors (2048K)
 Metaspace       used 55535K, committed 56000K, reserved 1114112K
  class space    used 7467K, committed 7680K, reserved 1048576K
}
Event: 8.834 GC heap after
{Heap after GC invocations=21 (full 0):
 garbage-first heap   total 89088K, used 50361K [0x0000000080000000, 0x0000000100000000)
  region size 1024K, 1 young (1024K), 1 survivors (1024K)
 Metaspace       used 55535K, committed 56000K, reserved 1114112K
  class space    used 7467K, committed 7680K, reserved 1048576K
}
Event: 9.038 GC heap before
{Heap before GC invocations=21 (full 0):
 garbage-first heap   total 89088K, used 62649K [0x0000000080000000, 0x0000000100000000)
  region size 1024K, 14 young (14336K), 1 survivors (1024K)
 Metaspace       used 56643K, committed 57216K, reserved 1114112K
  class space    used 7639K, committed 7936K, reserved 1048576K
}
Event: 9.040 GC heap after
{Heap after GC invocations=22 (full 0):
 garbage-first heap   total 89088K, used 50739K [0x0000000080000000, 0x0000000100000000)
  region size 1024K, 1 young (1024K), 1 survivors (1024K)
 Metaspace       used 56643K, committed 57216K, reserved 1114112K
  class space    used 7639K, committed 7936K, reserved 1048576K
}
Event: 9.303 GC heap before
{Heap before GC invocations=23 (full 0):
 garbage-first heap   total 91136K, used 66099K [0x0000000080000000, 0x0000000100000000)
  region size 1024K, 16 young (16384K), 1 survivors (1024K)
 Metaspace       used 58047K, committed 58624K, reserved 1114112K
  class space    used 7847K, committed 8128K, reserved 1048576K
}
Event: 9.306 GC heap after
{Heap after GC invocations=24 (full 0):
 garbage-first heap   total 109568K, used 51373K [0x0000000080000000, 0x0000000100000000)
  region size 1024K, 2 young (2048K), 2 survivors (2048K)
 Metaspace       used 58047K, committed 58624K, reserved 1114112K
  class space    used 7847K, committed 8128K, reserved 1048576K
}
Event: 9.370 GC heap before
{Heap before GC invocations=24 (full 0):
 garbage-first heap   total 109568K, used 53421K [0x0000000080000000, 0x0000000100000000)
  region size 1024K, 5 young (5120K), 2 survivors (2048K)
 Metaspace       used 58301K, committed 58880K, reserved 1114112K
  class space    used 7884K, committed 8192K, reserved 1048576K
}
Event: 9.373 GC heap after
{Heap after GC invocations=25 (full 0):
 garbage-first heap   total 109568K, used 51030K [0x0000000080000000, 0x0000000100000000)
  region size 1024K, 1 young (1024K), 1 survivors (1024K)
 Metaspace       used 58301K, committed 58880K, reserved 1114112K
  class space    used 7884K, committed 8192K, reserved 1048576K
}

