# JRE version: OpenJDK Runtime Environment (17.0.7) (build 17.0.7+0-b2043.56-10550314)
# Java VM: OpenJDK 64-Bit Server VM (17.0.7+0-b2043.56-10550314, mixed mode, tiered, compressed oops, compressed class ptrs, g1 gc, windows-amd64)
GC Precious Log:
 CPUs: 8 total, 8 available
 Memory: 7926M
 Large Page Support: Disabled
 NUMA Support: Disabled
 Compressed Oops: Enabled (32-bit)
 Heap Region Size: 1M
 Heap Min Capacity: 8M
 Heap Initial Capacity: 124M
 Heap Max Capacity: 2G
 Pre-touch: Disabled
 Parallel Workers: 8
 Concurrent Workers: 2
 Concurrent Refinement Workers: 8
 Periodic GC: Disabled
Heap:
 garbage-first heap   total 130048K, used 80226K [0x0000000080000000, 0x0000000100000000)
  region size 1024K, 4 young (4096K), 4 survivors (4096K)
 Metaspace       used 92012K, committed 92672K, reserved 1179648K
  class space    used 12762K, committed 13120K, reserved 1048576K
GC Heap History (20 events):
Event: 62.072 GC heap after
{Heap after GC invocations=46 (full 0):
 garbage-first heap   total 109568K, used 61176K [0x0000000080000000, 0x0000000100000000)
  region size 1024K, 4 young (4096K), 4 survivors (4096K)
 Metaspace       used 75190K, committed 75712K, reserved 1114112K
  class space    used 10058K, committed 10304K, reserved 1048576K
}
Event: 62.094 GC heap before
{Heap before GC invocations=46 (full 0):
 garbage-first heap   total 109568K, used 62200K [0x0000000080000000, 0x0000000100000000)
  region size 1024K, 5 young (5120K), 4 survivors (4096K)
 Metaspace       used 75256K, committed 75776K, reserved 1179648K
  class space    used 10074K, committed 10304K, reserved 1048576K
}
Event: 62.099 GC heap after
{Heap after GC invocations=47 (full 0):
 garbage-first heap   total 109568K, used 61146K [0x0000000080000000, 0x0000000100000000)
  region size 1024K, 1 young (1024K), 1 survivors (1024K)
 Metaspace       used 75256K, committed 75776K, reserved 1179648K
  class space    used 10074K, committed 10304K, reserved 1048576K
}
Event: 62.768 GC heap before
{Heap before GC invocations=47 (full 0):
 garbage-first heap   total 109568K, used 69338K [0x0000000080000000, 0x0000000100000000)
  region size 1024K, 11 young (11264K), 1 survivors (1024K)
 Metaspace       used 75925K, committed 76480K, reserved 1179648K
  class space    used 10168K, committed 10432K, reserved 1048576K
}
Event: 62.771 GC heap after
{Heap after GC invocations=48 (full 0):
 garbage-first heap   total 109568K, used 61464K [0x0000000080000000, 0x0000000100000000)
  region size 1024K, 1 young (1024K), 1 survivors (1024K)
 Metaspace       used 75925K, committed 76480K, reserved 1179648K
  class space    used 10168K, committed 10432K, reserved 1048576K
}
Event: 64.237 GC heap before
{Heap before GC invocations=49 (full 0):
 garbage-first heap   total 109568K, used 89112K [0x0000000080000000, 0x0000000100000000)
  region size 1024K, 28 young (28672K), 1 survivors (1024K)
 Metaspace       used 78082K, committed 78656K, reserved 1179648K
  class space    used 10570K, committed 10816K, reserved 1048576K
}
Event: 64.241 GC heap after
{Heap after GC invocations=50 (full 0):
 garbage-first heap   total 109568K, used 61831K [0x0000000080000000, 0x0000000100000000)
  region size 1024K, 2 young (2048K), 2 survivors (2048K)
 Metaspace       used 78082K, committed 78656K, reserved 1179648K
  class space    used 10570K, committed 10816K, reserved 1048576K
}
Event: 65.229 GC heap before
{Heap before GC invocations=50 (full 0):
 garbage-first heap   total 109568K, used 89479K [0x0000000080000000, 0x0000000100000000)
  region size 1024K, 29 young (29696K), 2 survivors (2048K)
 Metaspace       used 80305K, committed 80832K, reserved 1179648K
  class space    used 10966K, committed 11200K, reserved 1048576K
}
Event: 65.234 GC heap after
{Heap after GC invocations=51 (full 0):
 garbage-first heap   total 109568K, used 63086K [0x0000000080000000, 0x0000000100000000)
  region size 1024K, 3 young (3072K), 3 survivors (3072K)
 Metaspace       used 80305K, committed 80832K, reserved 1179648K
  class space    used 10966K, committed 11200K, reserved 1048576K
}
Event: 65.922 GC heap before
{Heap before GC invocations=52 (full 0):
 garbage-first heap   total 112640K, used 90734K [0x0000000080000000, 0x0000000100000000)
  region size 1024K, 30 young (30720K), 3 survivors (3072K)
 Metaspace       used 82851K, committed 83392K, reserved 1179648K
  class space    used 11355K, committed 11584K, reserved 1048576K
}
Event: 65.931 GC heap after
{Heap after GC invocations=53 (full 0):
 garbage-first heap   total 112640K, used 64713K [0x0000000080000000, 0x0000000100000000)
  region size 1024K, 4 young (4096K), 4 survivors (4096K)
 Metaspace       used 82851K, committed 83392K, reserved 1179648K
  class space    used 11355K, committed 11584K, reserved 1048576K
}
Event: 66.515 GC heap before
{Heap before GC invocations=53 (full 0):
 garbage-first heap   total 112640K, used 94409K [0x0000000080000000, 0x0000000100000000)
  region size 1024K, 33 young (33792K), 4 survivors (4096K)
 Metaspace       used 85024K, committed 85696K, reserved 1179648K
  class space    used 11688K, committed 12032K, reserved 1048576K
}
Event: 66.522 GC heap after
{Heap after GC invocations=54 (full 0):
 garbage-first heap   total 112640K, used 66266K [0x0000000080000000, 0x0000000100000000)
  region size 1024K, 4 young (4096K), 4 survivors (4096K)
 Metaspace       used 85024K, committed 85696K, reserved 1179648K
  class space    used 11688K, committed 12032K, reserved 1048576K
}
Event: 67.111 GC heap before
{Heap before GC invocations=55 (full 0):
 garbage-first heap   total 122880K, used 92890K [0x0000000080000000, 0x0000000100000000)
  region size 1024K, 30 young (30720K), 4 survivors (4096K)
 Metaspace       used 88231K, committed 88832K, reserved 1179648K
  class space    used 12148K, committed 12416K, reserved 1048576K
}
Event: 67.120 GC heap after
{Heap after GC invocations=56 (full 0):
 garbage-first heap   total 122880K, used 67989K [0x0000000080000000, 0x0000000100000000)
  region size 1024K, 4 young (4096K), 4 survivors (4096K)
 Metaspace       used 88231K, committed 88832K, reserved 1179648K
  class space    used 12148K, committed 12416K, reserved 1048576K
}
Event: 67.642 GC heap before
{Heap before GC invocations=56 (full 0):
 garbage-first heap   total 122880K, used 101781K [0x0000000080000000, 0x0000000100000000)
  region size 1024K, 37 young (37888K), 4 survivors (4096K)
 Metaspace       used 89980K, committed 90624K, reserved 1179648K
  class space    used 12393K, committed 12736K, reserved 1048576K
}
Event: 67.651 GC heap after
{Heap after GC invocations=57 (full 0):
 garbage-first heap   total 122880K, used 70934K [0x0000000080000000, 0x0000000100000000)
  region size 1024K, 5 young (5120K), 5 survivors (5120K)
 Metaspace       used 89980K, committed 90624K, reserved 1179648K
  class space    used 12393K, committed 12736K, reserved 1048576K
}
Event: 67.959 GC heap before
{Heap before GC invocations=58 (full 0):
 garbage-first heap   total 130048K, used 102678K [0x0000000080000000, 0x0000000100000000)
  region size 1024K, 36 young (36864K), 5 survivors (5120K)
 Metaspace       used 90122K, committed 90752K, reserved 1179648K
  class space    used 12403K, committed 12736K, reserved 1048576K
}
Event: 67.972 GC heap after
{Heap after GC invocations=59 (full 0):
 garbage-first heap   total 130048K, used 76145K [0x0000000080000000, 0x0000000100000000)
  region size 1024K, 5 young (5120K), 5 survivors (5120K)
 Metaspace       used 90122K, committed 90752K, reserved 1179648K
  class space    used 12403K, committed 12736K, reserved 1048576K
}
Event: 68.853 GC heap before
{Heap before GC invocations=59 (full 0):
 garbage-first heap   total 130048K, used 106865K [0x0000000080000000, 0x0000000100000000)
  region size 1024K, 35 young (35840K), 5 survivors (5120K)
 Metaspace       used 92012K, committed 92672K, reserved 1179648K
  class space    used 12762K, committed 13120K, reserved 1048576K
}

