# JRE version: OpenJDK Runtime Environment (17.0.7) (build 17.0.7+0-b2043.56-10550314)
# Java VM: OpenJDK 64-Bit Server VM (17.0.7+0-b2043.56-10550314, mixed mode, tiered, compressed oops, compressed class ptrs, g1 gc, windows-amd64)
GC Precious Log:
 CPUs: 8 total, 8 available
 Memory: 7926M
 Large Page Support: Disabled
 NUMA Support: Disabled
 Compressed Oops: Enabled (32-bit)
 Heap Region Size: 1M
 Heap Min Capacity: 8M
 Heap Initial Capacity: 124M
 Heap Max Capacity: 2G
 Pre-touch: Disabled
 Parallel Workers: 8
 Concurrent Workers: 2
 Concurrent Refinement Workers: 8
 Periodic GC: Disabled
Heap:
 garbage-first heap   total 468992K, used 339372K [0x0000000080000000, 0x0000000100000000)
  region size 1024K, 2 young (2048K), 2 survivors (2048K)
 Metaspace       used 150269K, committed 151872K, reserved 1179648K
  class space    used 20200K, committed 20992K, reserved 1048576K
GC Heap History (20 events):
Event: 7173.422 GC heap after
{Heap after GC invocations=70 (full 0):
 garbage-first heap   total 397312K, used 285985K [0x0000000080000000, 0x0000000100000000)
  region size 1024K, 9 young (9216K), 9 survivors (9216K)
 Metaspace       used 148714K, committed 150272K, reserved 1179648K
  class space    used 20127K, committed 20864K, reserved 1048576K
}
Event: 7174.057 GC heap before
{Heap before GC invocations=70 (full 0):
 garbage-first heap   total 397312K, used 336161K [0x0000000080000000, 0x0000000100000000)
  region size 1024K, 59 young (60416K), 9 survivors (9216K)
 Metaspace       used 148992K, committed 150592K, reserved 1179648K
  class space    used 20150K, committed 20928K, reserved 1048576K
}
Event: 7174.082 GC heap after
{Heap after GC invocations=71 (full 0):
 garbage-first heap   total 397312K, used 294875K [0x0000000080000000, 0x0000000100000000)
  region size 1024K, 8 young (8192K), 8 survivors (8192K)
 Metaspace       used 148992K, committed 150592K, reserved 1179648K
  class space    used 20150K, committed 20928K, reserved 1048576K
}
Event: 7174.453 GC heap before
{Heap before GC invocations=71 (full 0):
 garbage-first heap   total 397312K, used 337883K [0x0000000080000000, 0x0000000100000000)
  region size 1024K, 50 young (51200K), 8 survivors (8192K)
 Metaspace       used 149025K, committed 150592K, reserved 1179648K
  class space    used 20150K, committed 20928K, reserved 1048576K
}
Event: 7174.474 GC heap after
{Heap after GC invocations=72 (full 0):
 garbage-first heap   total 468992K, used 298638K [0x0000000080000000, 0x0000000100000000)
  region size 1024K, 5 young (5120K), 5 survivors (5120K)
 Metaspace       used 149025K, committed 150592K, reserved 1179648K
  class space    used 20150K, committed 20928K, reserved 1048576K
}
Event: 7174.888 GC heap before
{Heap before GC invocations=72 (full 0):
 garbage-first heap   total 468992K, used 391822K [0x0000000080000000, 0x0000000100000000)
  region size 1024K, 97 young (99328K), 5 survivors (5120K)
 Metaspace       used 149310K, committed 150912K, reserved 1179648K
  class space    used 20150K, committed 20928K, reserved 1048576K
}
Event: 7174.892 GC heap after
{Heap after GC invocations=73 (full 0):
 garbage-first heap   total 468992K, used 296068K [0x0000000080000000, 0x0000000100000000)
  region size 1024K, 2 young (2048K), 2 survivors (2048K)
 Metaspace       used 149310K, committed 150912K, reserved 1179648K
  class space    used 20150K, committed 20928K, reserved 1048576K
}
Event: 7227.019 GC heap before
{Heap before GC invocations=73 (full 0):
 garbage-first heap   total 468992K, used 425092K [0x0000000080000000, 0x0000000100000000)
  region size 1024K, 101 young (103424K), 2 survivors (2048K)
 Metaspace       used 149429K, committed 151104K, reserved 1179648K
  class space    used 20151K, committed 20928K, reserved 1048576K
}
Event: 7227.036 GC heap after
{Heap after GC invocations=74 (full 0):
 garbage-first heap   total 468992K, used 305584K [0x0000000080000000, 0x0000000100000000)
  region size 1024K, 12 young (12288K), 12 survivors (12288K)
 Metaspace       used 149429K, committed 151104K, reserved 1179648K
  class space    used 20151K, committed 20928K, reserved 1048576K
}
Event: 7227.838 GC heap before
{Heap before GC invocations=74 (full 0):
 garbage-first heap   total 468992K, used 396720K [0x0000000080000000, 0x0000000100000000)
  region size 1024K, 100 young (102400K), 12 survivors (12288K)
 Metaspace       used 149708K, committed 151296K, reserved 1179648K
  class space    used 20175K, committed 20928K, reserved 1048576K
}
Event: 7227.871 GC heap after
{Heap after GC invocations=75 (full 0):
 garbage-first heap   total 468992K, used 311295K [0x0000000080000000, 0x0000000100000000)
  region size 1024K, 5 young (5120K), 5 survivors (5120K)
 Metaspace       used 149708K, committed 151296K, reserved 1179648K
  class space    used 20175K, committed 20928K, reserved 1048576K
}
Event: 7362.424 GC heap before
{Heap before GC invocations=75 (full 0):
 garbage-first heap   total 468992K, used 424959K [0x0000000080000000, 0x0000000100000000)
  region size 1024K, 90 young (92160K), 5 survivors (5120K)
 Metaspace       used 149811K, committed 151424K, reserved 1179648K
  class space    used 20176K, committed 20928K, reserved 1048576K
}
Event: 7362.439 GC heap after
{Heap after GC invocations=76 (full 0):
 garbage-first heap   total 468992K, used 313993K [0x0000000080000000, 0x0000000100000000)
  region size 1024K, 9 young (9216K), 9 survivors (9216K)
 Metaspace       used 149811K, committed 151424K, reserved 1179648K
  class space    used 20176K, committed 20928K, reserved 1048576K
}
Event: 7363.443 GC heap before
{Heap before GC invocations=76 (full 0):
 garbage-first heap   total 468992K, used 400009K [0x0000000080000000, 0x0000000100000000)
  region size 1024K, 92 young (94208K), 9 survivors (9216K)
 Metaspace       used 149834K, committed 151424K, reserved 1179648K
  class space    used 20177K, committed 20928K, reserved 1048576K
}
Event: 7363.627 GC heap after
{Heap after GC invocations=77 (full 0):
 garbage-first heap   total 468992K, used 333226K [0x0000000080000000, 0x0000000100000000)
  region size 1024K, 12 young (12288K), 12 survivors (12288K)
 Metaspace       used 149834K, committed 151424K, reserved 1179648K
  class space    used 20177K, committed 20928K, reserved 1048576K
}
Event: 7364.393 GC heap before
{Heap before GC invocations=77 (full 0):
 garbage-first heap   total 468992K, used 393642K [0x0000000080000000, 0x0000000100000000)
  region size 1024K, 71 young (72704K), 12 survivors (12288K)
 Metaspace       used 150102K, committed 151744K, reserved 1179648K
  class space    used 20200K, committed 20992K, reserved 1048576K
}
Event: 7364.414 GC heap after
{Heap after GC invocations=78 (full 0):
 garbage-first heap   total 468992K, used 338453K [0x0000000080000000, 0x0000000100000000)
  region size 1024K, 8 young (8192K), 8 survivors (8192K)
 Metaspace       used 150102K, committed 151744K, reserved 1179648K
  class space    used 20200K, committed 20992K, reserved 1048576K
}
Event: 7364.586 GC heap before
{Heap before GC invocations=78 (full 0):
 garbage-first heap   total 468992K, used 394773K [0x0000000080000000, 0x0000000100000000)
  region size 1024K, 64 young (65536K), 8 survivors (8192K)
 Metaspace       used 150212K, committed 151808K, reserved 1179648K
  class space    used 20200K, committed 20992K, reserved 1048576K
}
Event: 7364.599 GC heap after
{Heap after GC invocations=79 (full 0):
 garbage-first heap   total 468992K, used 339309K [0x0000000080000000, 0x0000000100000000)
  region size 1024K, 2 young (2048K), 2 survivors (2048K)
 Metaspace       used 150212K, committed 151808K, reserved 1179648K
  class space    used 20200K, committed 20992K, reserved 1048576K
}
Event: 7446.864 GC heap before
{Heap before GC invocations=79 (full 0):
 garbage-first heap   total 468992K, used 426349K [0x0000000080000000, 0x0000000100000000)
  region size 1024K, 61 young (62464K), 2 survivors (2048K)
 Metaspace       used 150269K, committed 151872K, reserved 1179648K
  class space    used 20200K, committed 20992K, reserved 1048576K
}

